[0m[[0m[0mdebug[0m] [0m[0m> Exec(compile, Some(e71a43a6-ee88-4b49-b4d0-8e2db20b24ab), Some(CommandSource(console0)))[0m
[0m[[0m[0mdebug[0m] [0m[0mEvaluating tasks: Compile / compile[0m
[0m[[0m[0mdebug[0m] [0m[0mRunning task... Cancel: Signal, check cycles: false, forcegc: true[0m
[0m[[0m[0minfo[0m] [0m[0mUpdating [0m
[0m[[0m[0minfo[0m] [0m[0mResolved  dependencies[0m
[0m[[0m[0minfo[0m] [0m[0mFetching artifacts of [0m
[0m[[0m[0minfo[0m] [0m[0mFetched artifacts of [0m
[0m[[0m[33mwarn[0m] [0m[0mThere may be incompatibilities among your library dependencies; run 'evicted' to see detailed eviction warnings.[0m
[0m[[0m[0minfo[0m] [0m[0mcompiling 2 Scala sources to /home/seifert/Tutorials/scala/recfun/project/target/scala-2.12/classes ...[0m
[0m[[0m[31merror[0m] [0m[0m/home/seifert/Tutorials/scala/recfun/project/MOOCSettings.scala:4:12: object Keys is not a member of package sbt[0m
[0m[[0m[31merror[0m] [0m[0mimport sbt.Keys._[0m
[0m[[0m[31merror[0m] [0m[0m           ^[0m
[0m[[0m[31merror[0m] [0m[0m/home/seifert/Tutorials/scala/recfun/project/MOOCSettings.scala:20:29: not found: type AutoPlugin[0m
[0m[[0m[31merror[0m] [0m[0mobject MOOCSettings extends AutoPlugin {[0m
[0m[[0m[31merror[0m] [0m[0m                            ^[0m
[0m[[0m[31merror[0m] [0m[0m/home/seifert/Tutorials/scala/recfun/project/MOOCSettings.scala:23:18: not found: value SettingKey[0m
[0m[[0m[31merror[0m] [0m[0m    val course = SettingKey[String]("course")[0m
[0m[[0m[31merror[0m] [0m[0m                 ^[0m
[0m[[0m[31merror[0m] [0m[0m/home/seifert/Tutorials/scala/recfun/project/MOOCSettings.scala:24:22: not found: value SettingKey[0m
[0m[[0m[31merror[0m] [0m[0m    val assignment = SettingKey[String]("assignment")[0m
[0m[[0m[31merror[0m] [0m[0m                     ^[0m
[0m[[0m[31merror[0m] [0m[0m/home/seifert/Tutorials/scala/recfun/project/MOOCSettings.scala:25:19: not found: value SettingKey[0m
[0m[[0m[31merror[0m] [0m[0m    val options = SettingKey[Map[String, Map[String, String]]]("options")[0m
[0m[[0m[31merror[0m] [0m[0m                  ^[0m
[0m[[0m[31merror[0m] [0m[0m/home/seifert/Tutorials/scala/recfun/project/MOOCSettings.scala:26:22: not found: value settingKey[0m
[0m[[0m[31merror[0m] [0m[0m    val courseraId = settingKey[CourseraId]("Coursera-specific information identifying the assignment")[0m
[0m[[0m[31merror[0m] [0m[0m                     ^[0m
[0m[[0m[31merror[0m] [0m[0m/home/seifert/Tutorials/scala/recfun/project/MOOCSettings.scala:34:37: not found: value Def[0m
[0m[[0m[31merror[0m] [0m[0m  override val projectSettings: Seq[Def.Setting[_]] = Seq([0m
[0m[[0m[31merror[0m] [0m[0m                                    ^[0m
[0m[[0m[31merror[0m] [0m[0m/home/seifert/Tutorials/scala/recfun/project/MOOCSettings.scala:35:5: not found: value parallelExecution[0m
[0m[[0m[31merror[0m] [0m[0m    parallelExecution in Test := false,[0m
[0m[[0m[31merror[0m] [0m[0m    ^[0m
[0m[[0m[31merror[0m] [0m[0m/home/seifert/Tutorials/scala/recfun/project/MOOCSettings.scala:35:26: not found: value Test[0m
[0m[[0m[31merror[0m] [0m[0m    parallelExecution in Test := false,[0m
[0m[[0m[31merror[0m] [0m[0m                         ^[0m
[0m[[0m[31merror[0m] [0m[0m/home/seifert/Tutorials/scala/recfun/project/MOOCSettings.scala:36:5: not found: value name[0m
[0m[[0m[31merror[0m] [0m[0m    name := s"${course.value}-${assignment.value}"[0m
[0m[[0m[31merror[0m] [0m[0m    ^[0m
[0m[[0m[31merror[0m] [0m[0m/home/seifert/Tutorials/scala/recfun/project/StudentTasks.scala:4:8: not found: object Keys[0m
[0m[[0m[31merror[0m] [0m[0mimport Keys._[0m
[0m[[0m[31merror[0m] [0m[0m       ^[0m
[0m[[0m[31merror[0m] [0m[0m/home/seifert/Tutorials/scala/recfun/project/StudentTasks.scala:5:8: Symbol 'type sbt.AutoPlugin' is missing from the classpath.[0m
[0m[[0m[31merror[0m] [0m[0mThis symbol is required by 'object scalafix.sbt.ScalafixPlugin'.[0m
[0m[[0m[31merror[0m] [0m[0mMake sure that type AutoPlugin is in your classpath and check for conflicting dependencies with `-Ylog-classpath`.[0m
[0m[[0m[31merror[0m] [0m[0mA full rebuild may help if 'ScalafixPlugin.class' was compiled against an incompatible version of sbt.[0m
[0m[[0m[31merror[0m] [0m[0mimport scalafix.sbt.ScalafixPlugin.autoImport._[0m
[0m[[0m[31merror[0m] [0m[0m       ^[0m
[0m[[0m[31merror[0m] [0m[0m/home/seifert/Tutorials/scala/recfun/project/StudentTasks.scala:16:29: not found: type AutoPlugin[0m
[0m[[0m[31merror[0m] [0m[0mobject StudentTasks extends AutoPlugin {[0m
[0m[[0m[31merror[0m] [0m[0m                            ^[0m
[0m[[0m[31merror[0m] [0m[0m/home/seifert/Tutorials/scala/recfun/project/StudentTasks.scala:18:33: value requires is not a member of AnyRef[0m
[0m[[0m[31merror[0m] [0m[0m  override def requires = super.requires && MOOCSettings[0m
[0m[[0m[31merror[0m] [0m[0m                                ^[0m
[0m[[0m[31merror[0m] [0m[0m/home/seifert/Tutorials/scala/recfun/project/StudentTasks.scala:21:30: not found: value TaskKey[0m
[0m[[0m[31merror[0m] [0m[0m    val packageSourcesOnly = TaskKey[File]("packageSourcesOnly", "Package the sources of the project")[0m
[0m[[0m[31merror[0m] [0m[0m                             ^[0m
[0m[[0m[31merror[0m] [0m[0m/home/seifert/Tutorials/scala/recfun/project/StudentTasks.scala:22:38: not found: value TaskKey[0m
[0m[[0m[31merror[0m] [0m[0m    val packageBinWithoutResources = TaskKey[File]("packageBinWithoutResources", "Like packageBin, but without the resources")[0m
[0m[[0m[31merror[0m] [0m[0m                                     ^[0m
[0m[[0m[31merror[0m] [0m[0m/home/seifert/Tutorials/scala/recfun/project/StudentTasks.scala:24:32: not found: value TaskKey[0m
[0m[[0m[31merror[0m] [0m[0m    val packageSubmissionZip = TaskKey[File]("packageSubmissionZip")[0m
[0m[[0m[31merror[0m] [0m[0m                               ^[0m
[0m[[0m[31merror[0m] [0m[0m/home/seifert/Tutorials/scala/recfun/project/StudentTasks.scala:26:29: not found: value inputKey[0m
[0m[[0m[31merror[0m] [0m[0m    val packageSubmission = inputKey[Unit]("package solution as an archive file")[0m
[0m[[0m[31merror[0m] [0m[0m                            ^[0m
[0m[[0m[31merror[0m] [0m[0m/home/seifert/Tutorials/scala/recfun/project/StudentTasks.scala:36:33: not found: value Def[0m
[0m[[0m[31merror[0m] [0m[0m  private val scalafixLinting = Def.taskDyn {[0m
[0m[[0m[31merror[0m] [0m[0m                                ^[0m
[0m[[0m[31merror[0m] [0m[0m/home/seifert/Tutorials/scala/recfun/project/StudentTasks.scala:38:8: Symbol 'type sbt.InputKey' is missing from the classpath.[0m
[0m[[0m[31merror[0m] [0m[0mThis symbol is required by 'value scalafix.sbt.ScalafixPlugin.autoImport.scalafix'.[0m
[0m[[0m[31merror[0m] [0m[0mMake sure that type InputKey is in your classpath and check for conflicting dependencies with `-Ylog-classpath`.[0m
[0m[[0m[31merror[0m] [0m[0mA full rebuild may help if 'ScalafixPlugin.class' was compiled against an incompatible version of sbt.[0m
[0m[[0m[31merror[0m] [0m[0m      (scalafix in Compile).toTask(" --check").dependsOn(compile in Compile)[0m
[0m[[0m[31merror[0m] [0m[0m       ^[0m
[0m[[0m[31merror[0m] [0m[0m/home/seifert/Tutorials/scala/recfun/project/StudentTasks.scala:39:12: not found: value Def[0m
[0m[[0m[31merror[0m] [0m[0m    } else Def.task(())[0m
[0m[[0m[31merror[0m] [0m[0m           ^[0m
[0m[[0m[31merror[0m] [0m[0m/home/seifert/Tutorials/scala/recfun/project/StudentTasks.scala:142:16: not found: value inputKey[0m
[0m[[0m[31merror[0m] [0m[0m  val submit = inputKey[Unit]("submit solution to Coursera")[0m
[0m[[0m[31merror[0m] [0m[0m               ^[0m
[0m[[0m[31merror[0m] [0m[0m/home/seifert/Tutorials/scala/recfun/project/StudentTasks.scala:55:5: Symbol 'type sbt.SettingKey' is missing from the classpath.[0m
[0m[[0m[31merror[0m] [0m[0mThis symbol is required by 'value scalafix.sbt.ScalafixPlugin.autoImport.scalafixConfig'.[0m
[0m[[0m[31merror[0m] [0m[0mMake sure that type SettingKey is in your classpath and check for conflicting dependencies with `-Ylog-classpath`.[0m
[0m[[0m[31merror[0m] [0m[0mA full rebuild may help if 'ScalafixPlugin.class' was compiled against an incompatible version of sbt.[0m
[0m[[0m[31merror[0m] [0m[0m    scalafixConfig := {[0m
[0m[[0m[31merror[0m] [0m[0m    ^[0m
[0m[[0m[31merror[0m] [0m[0m/home/seifert/Tutorials/scala/recfun/project/StudentTasks.scala:44:6: not found: value test[0m
[0m[[0m[31merror[0m] [0m[0m    (test in Test) := {[0m
[0m[[0m[31merror[0m] [0m[0m     ^[0m
[0m[[0m[31merror[0m] [0m[0m/home/seifert/Tutorials/scala/recfun/project/StudentTasks.scala:44:14: not found: value Test[0m
[0m[[0m[31merror[0m] [0m[0m    (test in Test) := {[0m
[0m[[0m[31merror[0m] [0m[0m             ^[0m
[0m[[0m[31merror[0m] [0m[0m/home/seifert/Tutorials/scala/recfun/project/StudentTasks.scala:46:8: not found: value test[0m
[0m[[0m[31merror[0m] [0m[0m      (test in Test).value[0m
[0m[[0m[31merror[0m] [0m[0m       ^[0m
[0m[[0m[31merror[0m] [0m[0m/home/seifert/Tutorials/scala/recfun/project/StudentTasks.scala:46:16: not found: value Test[0m
[0m[[0m[31merror[0m] [0m[0m      (test in Test).value[0m
[0m[[0m[31merror[0m] [0m[0m               ^[0m
[0m[[0m[31merror[0m] [0m[0m/home/seifert/Tutorials/scala/recfun/project/StudentTasks.scala:52:5: not found: value fork[0m
[0m[[0m[31merror[0m] [0m[0m    fork := true,[0m
[0m[[0m[31merror[0m] [0m[0m    ^[0m
[0m[[0m[31merror[0m] [0m[0m/home/seifert/Tutorials/scala/recfun/project/StudentTasks.scala:53:5: not found: value connectInput[0m
[0m[[0m[31merror[0m] [0m[0m    connectInput in run := true,[0m
[0m[[0m[31merror[0m] [0m[0m    ^[0m
[0m[[0m[31merror[0m] [0m[0m/home/seifert/Tutorials/scala/recfun/project/StudentTasks.scala:53:21: not found: value run[0m
[0m[[0m[31merror[0m] [0m[0m    connectInput in run := true,[0m
[0m[[0m[31merror[0m] [0m[0m                    ^[0m
[0m[[0m[31merror[0m] [0m[0m/home/seifert/Tutorials/scala/recfun/project/StudentTasks.scala:54:5: not found: value outputStrategy[0m
[0m[[0m[31merror[0m] [0m[0m    outputStrategy := Some(StdoutOutput),[0m
[0m[[0m[31merror[0m] [0m[0m    ^[0m
[0m[[0m[31merror[0m] [0m[0m/home/seifert/Tutorials/scala/recfun/project/StudentTasks.scala:54:28: not found: value StdoutOutput[0m
[0m[[0m[31merror[0m] [0m[0m    outputStrategy := Some(StdoutOutput),[0m
[0m[[0m[31merror[0m] [0m[0m                           ^[0m
[0m[[0m[31merror[0m] [0m[0m/home/seifert/Tutorials/scala/recfun/project/StudentTasks.scala:73:5: not found: value artifactClassifier[0m
[0m[[0m[31merror[0m] [0m[0m    artifactClassifier in packageSourcesOnly := Some("sources"),[0m
[0m[[0m[31merror[0m] [0m[0m    ^[0m
[0m[[0m[31merror[0m] [0m[0m/home/seifert/Tutorials/scala/recfun/project/StudentTasks.scala:74:5: not found: value artifact[0m
[0m[[0m[31merror[0m] [0m[0m    artifact in (Compile, packageBinWithoutResources) ~= (art => art.withName(art.name + "-without-resources"))[0m
[0m[[0m[31merror[0m] [0m[0m    ^[0m
[0m[[0m[31merror[0m] [0m[0m/home/seifert/Tutorials/scala/recfun/project/StudentTasks.scala:74:18: not found: value Compile[0m
[0m[[0m[31merror[0m] [0m[0m    artifact in (Compile, packageBinWithoutResources) ~= (art => art.withName(art.name + "-without-resources"))[0m
[0m[[0m[31merror[0m] [0m[0m                 ^[0m
[0m[[0m[31merror[0m] [0m[0m/home/seifert/Tutorials/scala/recfun/project/StudentTasks.scala:76:3: not found: value inConfig[0m
[0m[[0m[31merror[0m] [0m[0m  inConfig(Compile)([0m
[0m[[0m[31merror[0m] [0m[0m  ^[0m
[0m[[0m[31merror[0m] [0m[0m/home/seifert/Tutorials/scala/recfun/project/StudentTasks.scala:76:12: not found: value Compile[0m
[0m[[0m[31merror[0m] [0m[0m  inConfig(Compile)([0m
[0m[[0m[31merror[0m] [0m[0m           ^[0m
[0m[[0m[31merror[0m] [0m[0m/home/seifert/Tutorials/scala/recfun/project/StudentTasks.scala:77:5: not found: value Defaults[0m
[0m[[0m[31merror[0m] [0m[0m    Defaults.packageTaskSettings(packageSourcesOnly, Defaults.sourceMappings) ++[0m
[0m[[0m[31merror[0m] [0m[0m    ^[0m
[0m[[0m[31merror[0m] [0m[0m/home/seifert/Tutorials/scala/recfun/project/StudentTasks.scala:77:54: not found: value Defaults[0m
[0m[[0m[31merror[0m] [0m[0m    Defaults.packageTaskSettings(packageSourcesOnly, Defaults.sourceMappings) ++[0m
[0m[[0m[31merror[0m] [0m[0m                                                     ^[0m
[0m[[0m[31merror[0m] [0m[0m/home/seifert/Tutorials/scala/recfun/project/StudentTasks.scala:78:5: not found: value Defaults[0m
[0m[[0m[31merror[0m] [0m[0m    Defaults.packageTaskSettings(packageBinWithoutResources, Def.task {[0m
[0m[[0m[31merror[0m] [0m[0m    ^[0m
[0m[[0m[31merror[0m] [0m[0m/home/seifert/Tutorials/scala/recfun/project/StudentTasks.scala:78:62: not found: value Def[0m
[0m[[0m[31merror[0m] [0m[0m    Defaults.packageTaskSettings(packageBinWithoutResources, Def.task {[0m
[0m[[0m[31merror[0m] [0m[0m                                                             ^[0m
[0m[[0m[31merror[0m] [0m[0m/home/seifert/Tutorials/scala/recfun/project/StudentTasks.scala:80:10: not found: value unmanagedResources[0m
[0m[[0m[31merror[0m] [0m[0m        (unmanagedResources in Compile).value.flatMap(Path.relativeTo((unmanagedResourceDirectories in Compile).value)(_))[0m
[0m[[0m[31merror[0m] [0m[0m         ^[0m
[0m[[0m[31merror[0m] [0m[0m/home/seifert/Tutorials/scala/recfun/project/StudentTasks.scala:80:32: not found: value Compile[0m
[0m[[0m[31merror[0m] [0m[0m        (unmanagedResources in Compile).value.flatMap(Path.relativeTo((unmanagedResourceDirectories in Compile).value)(_))[0m
[0m[[0m[31merror[0m] [0m[0m                               ^[0m
[0m[[0m[31merror[0m] [0m[0m/home/seifert/Tutorials/scala/recfun/project/StudentTasks.scala:80:55: not found: value Path[0m
[0m[[0m[31merror[0m] [0m[0m        (unmanagedResources in Compile).value.flatMap(Path.relativeTo((unmanagedResourceDirectories in Compile).value)(_))[0m
[0m[[0m[31merror[0m] [0m[0m                                                      ^[0m
[0m[[0m[31merror[0m] [0m[0m/home/seifert/Tutorials/scala/recfun/project/StudentTasks.scala:80:72: not found: value unmanagedResourceDirectories[0m
[0m[[0m[31merror[0m] [0m[0m        (unmanagedResources in Compile).value.flatMap(Path.relativeTo((unmanagedResourceDirectories in Compile).value)(_))[0m
[0m[[0m[31merror[0m] [0m[0m                                                                       ^[0m
[0m[[0m[31merror[0m] [0m[0m/home/seifert/Tutorials/scala/recfun/project/StudentTasks.scala:80:104: not found: value Compile[0m
[0m[[0m[31merror[0m] [0m[0m        (unmanagedResources in Compile).value.flatMap(Path.relativeTo((unmanagedResourceDirectories in Compile).value)(_))[0m
[0m[[0m[31merror[0m] [0m[0m                                                                                                       ^[0m
[0m[[0m[31merror[0m] [0m[0m/home/seifert/Tutorials/scala/recfun/project/StudentTasks.scala:81:8: not found: value mappings[0m
[0m[[0m[31merror[0m] [0m[0m      (mappings in (Compile, packageBin)).value.filterNot { case (_, path) => relativePaths.contains(path) }[0m
[0m[[0m[31merror[0m] [0m[0m       ^[0m
[0m[[0m[31merror[0m] [0m[0m/home/seifert/Tutorials/scala/recfun/project/StudentTasks.scala:81:21: not found: value Compile[0m
[0m[[0m[31merror[0m] [0m[0m      (mappings in (Compile, packageBin)).value.filterNot { case (_, path) => relativePaths.contains(path) }[0m
[0m[[0m[31merror[0m] [0m[0m                    ^[0m
[0m[[0m[31merror[0m] [0m[0m/home/seifert/Tutorials/scala/recfun/project/StudentTasks.scala:81:30: not found: value packageBin[0m
[0m[[0m[31merror[0m] [0m[0m      (mappings in (Compile, packageBin)).value.filterNot { case (_, path) => relativePaths.contains(path) }[0m
[0m[[0m[31merror[0m] [0m[0m                             ^[0m
[0m[[0m[31merror[0m] [0m[0m/home/seifert/Tutorials/scala/recfun/project/StudentTasks.scala:93:32: not found: type TaskStreams[0m
[0m[[0m[31merror[0m] [0m[0m  def prepareJar(jar: File, s: TaskStreams): String = {[0m
[0m[[0m[31merror[0m] [0m[0m                               ^[0m
[0m[[0m[31merror[0m] [0m[0m50 errors found[0m
[0m[[0m[31merror[0m] [0m[0m(Compile / [31mcompileIncremental[0m) Compilation failed[0m
[0m[[0m[31merror[0m] [0m[0mTotal time: 15 s, completed Dec 8, 2020, 1:14:30 AM[0m
[0m[[0m[0mdebug[0m] [0m[0m> Exec(shell, None, None)[0m
[0m[[0m[0minfo[0m] [0m[0mshutting down sbt server[0m
